  compilation object save succeeded; see C:\Users\ben11\Documents\CTP Submission\BuildingGenerationTool\DirectXTool\DirectXTool\PixelShader.cso
  compilation object save succeeded; see C:\Users\ben11\Documents\CTP Submission\BuildingGenerationTool\DirectXTool\DirectXTool\TexturePS.cso
  compilation object save succeeded; see C:\Users\ben11\Documents\CTP Submission\BuildingGenerationTool\DirectXTool\DirectXTool\TextureVS.cso
  compilation object save succeeded; see C:\Users\ben11\Documents\CTP Submission\BuildingGenerationTool\DirectXTool\DirectXTool\VertexShader.cso
  App.cpp
  Bindable.cpp
  Camera.cpp
  Door.cpp
  Drawable.cpp
  dxerr.cpp
  Exception.cpp
  GenericModel.cpp
  GenericOBJ.cpp
  Graphics.cpp
C:\Users\ben11\Documents\CTP Submission\BuildingGenerationTool\DirectXTool\DirectXTool\GraphicsThrowMacros.h(13,1): warning C4005: 'INFOMAN': macro redefinition (compiling source file Drawable.cpp)
C:\Users\ben11\Documents\CTP Submission\BuildingGenerationTool\DirectXTool\DirectXTool\GraphicsThrowMacros.h(12): message : see previous definition of 'INFOMAN' (compiling source file Drawable.cpp)
  imgui.cpp
  ImguiManager.cpp
C:\Users\ben11\Documents\CTP Submission\BuildingGenerationTool\DirectXTool\DirectXTool\App.h(29,25): warning C4244: 'initializing': conversion from 'float' to 'int', possible loss of data (compiling source file App.cpp)
C:\Users\ben11\Documents\CTP Submission\BuildingGenerationTool\DirectXTool\DirectXTool\GraphicsThrowMacros.h(13,1): warning C4005: 'INFOMAN': macro redefinition (compiling source file Door.cpp)
C:\Users\ben11\Documents\CTP Submission\BuildingGenerationTool\DirectXTool\DirectXTool\GraphicsThrowMacros.h(12): message : see previous definition of 'INFOMAN' (compiling source file Door.cpp)
  imgui_demo.cpp
  imgui_draw.cpp
C:\Users\ben11\Documents\CTP Submission\BuildingGenerationTool\DirectXTool\DirectXTool\Door.cpp(39,9): warning C4244: '=': conversion from 'int' to 'float', possible loss of data
C:\Users\ben11\Documents\CTP Submission\BuildingGenerationTool\DirectXTool\DirectXTool\Door.cpp(40,9): warning C4244: '=': conversion from 'int' to 'float', possible loss of data
C:\Users\ben11\Documents\CTP Submission\BuildingGenerationTool\DirectXTool\DirectXTool\Door.cpp(41,9): warning C4244: '=': conversion from 'int' to 'float', possible loss of data
C:\Users\ben11\Documents\CTP Submission\BuildingGenerationTool\DirectXTool\DirectXTool\Door.cpp(60,29): warning C4244: '=': conversion from 'long double' to 'float', possible loss of data
C:\Users\ben11\Documents\CTP Submission\BuildingGenerationTool\DirectXTool\DirectXTool\Door.cpp(97,20): warning C4018: '<': signed/unsigned mismatch
C:\Users\ben11\Documents\CTP Submission\BuildingGenerationTool\DirectXTool\DirectXTool\Door.cpp(139,20): warning C4018: '<': signed/unsigned mismatch
C:\Users\ben11\Documents\CTP Submission\BuildingGenerationTool\DirectXTool\DirectXTool\Door.cpp(213,23): warning C4244: 'argument': conversion from 'float' to 'int', possible loss of data
C:\Users\ben11\Documents\CTP Submission\BuildingGenerationTool\DirectXTool\DirectXTool\Door.cpp(213,17): warning C4244: 'argument': conversion from 'float' to 'int', possible loss of data
C:\Users\ben11\Documents\CTP Submission\BuildingGenerationTool\DirectXTool\DirectXTool\Door.cpp(213,11): warning C4244: 'argument': conversion from 'float' to 'int', possible loss of data
C:\Users\ben11\Documents\CTP Submission\BuildingGenerationTool\DirectXTool\DirectXTool\Door.cpp(214,50): warning C4244: 'argument': conversion from 'long double' to 'float', possible loss of data
C:\Users\ben11\Documents\CTP Submission\BuildingGenerationTool\DirectXTool\DirectXTool\App.cpp(187,20): warning C4553: '==': result of expression not used; did you intend '='?
C:\Users\ben11\Documents\CTP Submission\BuildingGenerationTool\DirectXTool\DirectXTool\GenericOBJ.h(113,27): warning C4018: '<': signed/unsigned mismatch (compiling source file Door.cpp)
C:\Users\ben11\Documents\CTP Submission\BuildingGenerationTool\DirectXTool\DirectXTool\Door.h(67): message : see reference to function template instantiation 'IndexedTriangleList<Door::Vertex> GenericOBJ::MakeOBJ<Door::Vertex>(const char *,bool)' being compiled (compiling source file Door.cpp)
C:\Users\ben11\Documents\CTP Submission\BuildingGenerationTool\DirectXTool\DirectXTool\GenericOBJ.h(127,27): warning C4018: '<': signed/unsigned mismatch (compiling source file Door.cpp)
  imgui_impl_dx11.cpp
  imgui_impl_win32.cpp
  imgui_widgets.cpp
  IndexBuffer.cpp
  InputLayout.cpp
  Keyboard.cpp
  LevelLoader.cpp
C:\Users\ben11\Documents\CTP Submission\BuildingGenerationTool\DirectXTool\DirectXTool\GraphicsThrowMacros.h(13,1): warning C4005: 'INFOMAN': macro redefinition (compiling source file Graphics.cpp)
C:\Users\ben11\Documents\CTP Submission\BuildingGenerationTool\DirectXTool\DirectXTool\GraphicsThrowMacros.h(12): message : see previous definition of 'INFOMAN' (compiling source file Graphics.cpp)
  Mouse.cpp
  PixelShader.cpp
  Sampler.cpp
  WindowObject.cpp
  Wall.cpp
C:\Users\ben11\Documents\CTP Submission\BuildingGenerationTool\DirectXTool\DirectXTool\GraphicsThrowMacros.h(13,1): warning C4005: 'INFOMAN': macro redefinition (compiling source file IndexBuffer.cpp)
C:\Users\ben11\Documents\CTP Submission\BuildingGenerationTool\DirectXTool\DirectXTool\GraphicsThrowMacros.h(12): message : see previous definition of 'INFOMAN' (compiling source file IndexBuffer.cpp)
C:\Users\ben11\Documents\CTP Submission\BuildingGenerationTool\DirectXTool\DirectXTool\GraphicsThrowMacros.h(13,1): warning C4005: 'INFOMAN': macro redefinition (compiling source file InputLayout.cpp)
C:\Users\ben11\Documents\CTP Submission\BuildingGenerationTool\DirectXTool\DirectXTool\GraphicsThrowMacros.h(12): message : see previous definition of 'INFOMAN' (compiling source file InputLayout.cpp)
  Surface.cpp
  SymbolMetaData.cpp
  Texture.cpp
C:\Users\ben11\Documents\CTP Submission\BuildingGenerationTool\DirectXTool\DirectXTool\GraphicsThrowMacros.h(13,1): warning C4005: 'INFOMAN': macro redefinition (compiling source file PixelShader.cpp)
C:\Users\ben11\Documents\CTP Submission\BuildingGenerationTool\DirectXTool\DirectXTool\GraphicsThrowMacros.h(12): message : see previous definition of 'INFOMAN' (compiling source file PixelShader.cpp)
  Timer.cpp
C:\Users\ben11\Documents\CTP Submission\BuildingGenerationTool\DirectXTool\DirectXTool\GraphicsThrowMacros.h(13,1): warning C4005: 'INFOMAN': macro redefinition (compiling source file Sampler.cpp)
C:\Users\ben11\Documents\CTP Submission\BuildingGenerationTool\DirectXTool\DirectXTool\GraphicsThrowMacros.h(12): message : see previous definition of 'INFOMAN' (compiling source file Sampler.cpp)
  Topology.cpp
  TransformCbuf.cpp
  VertexBuffer.cpp
C:\Users\ben11\Documents\CTP Submission\BuildingGenerationTool\DirectXTool\DirectXTool\GraphicsThrowMacros.h(13,1): warning C4005: 'INFOMAN': macro redefinition (compiling source file WindowObject.cpp)
C:\Users\ben11\Documents\CTP Submission\BuildingGenerationTool\DirectXTool\DirectXTool\GraphicsThrowMacros.h(12): message : see previous definition of 'INFOMAN' (compiling source file WindowObject.cpp)
C:\Users\ben11\Documents\CTP Submission\BuildingGenerationTool\DirectXTool\DirectXTool\GraphicsThrowMacros.h(13,1): warning C4005: 'INFOMAN': macro redefinition (compiling source file Wall.cpp)
C:\Users\ben11\Documents\CTP Submission\BuildingGenerationTool\DirectXTool\DirectXTool\GraphicsThrowMacros.h(12): message : see previous definition of 'INFOMAN' (compiling source file Wall.cpp)
C:\Users\ben11\Documents\CTP Submission\BuildingGenerationTool\DirectXTool\DirectXTool\WindowObject.cpp(39,9): warning C4244: '=': conversion from 'int' to 'float', possible loss of data
C:\Users\ben11\Documents\CTP Submission\BuildingGenerationTool\DirectXTool\DirectXTool\WindowObject.cpp(40,9): warning C4244: '=': conversion from 'int' to 'float', possible loss of data
C:\Users\ben11\Documents\CTP Submission\BuildingGenerationTool\DirectXTool\DirectXTool\WindowObject.cpp(41,9): warning C4244: '=': conversion from 'int' to 'float', possible loss of data
C:\Users\ben11\Documents\CTP Submission\BuildingGenerationTool\DirectXTool\DirectXTool\WindowObject.cpp(60,29): warning C4244: '=': conversion from 'long double' to 'float', possible loss of data
C:\Users\ben11\Documents\CTP Submission\BuildingGenerationTool\DirectXTool\DirectXTool\WindowObject.cpp(97,20): warning C4018: '<': signed/unsigned mismatch
C:\Users\ben11\Documents\CTP Submission\BuildingGenerationTool\DirectXTool\DirectXTool\WindowObject.cpp(140,21): warning C4018: '<': signed/unsigned mismatch
C:\Users\ben11\Documents\CTP Submission\BuildingGenerationTool\DirectXTool\DirectXTool\LevelLoader.cpp(37,7): warning C4244: 'argument': conversion from 'float' to 'int', possible loss of data
C:\Users\ben11\Documents\CTP Submission\BuildingGenerationTool\DirectXTool\DirectXTool\WindowObject.cpp(214,23): warning C4244: 'argument': conversion from 'float' to 'int', possible loss of data
C:\Users\ben11\Documents\CTP Submission\BuildingGenerationTool\DirectXTool\DirectXTool\LevelLoader.cpp(43,50): warning C4244: 'argument': conversion from 'long double' to 'float', possible loss of data
C:\Users\ben11\Documents\CTP Submission\BuildingGenerationTool\DirectXTool\DirectXTool\WindowObject.cpp(214,17): warning C4244: 'argument': conversion from 'float' to 'int', possible loss of data
C:\Users\ben11\Documents\CTP Submission\BuildingGenerationTool\DirectXTool\DirectXTool\LevelLoader.cpp(44,50): warning C4244: 'argument': conversion from 'int' to 'float', possible loss of data
C:\Users\ben11\Documents\CTP Submission\BuildingGenerationTool\DirectXTool\DirectXTool\WindowObject.cpp(214,11): warning C4244: 'argument': conversion from 'float' to 'int', possible loss of data
C:\Users\ben11\Documents\CTP Submission\BuildingGenerationTool\DirectXTool\DirectXTool\LevelLoader.cpp(48,50): warning C4244: 'argument': conversion from 'long double' to 'float', possible loss of data
C:\Users\ben11\Documents\CTP Submission\BuildingGenerationTool\DirectXTool\DirectXTool\WindowObject.cpp(215,50): warning C4244: 'argument': conversion from 'long double' to 'float', possible loss of data
C:\Users\ben11\Documents\CTP Submission\BuildingGenerationTool\DirectXTool\DirectXTool\LevelLoader.cpp(49,50): warning C4244: 'argument': conversion from 'int' to 'float', possible loss of data
C:\Users\ben11\Documents\CTP Submission\BuildingGenerationTool\DirectXTool\DirectXTool\LevelLoader.cpp(71,11): warning C4244: 'argument': conversion from 'float' to 'int', possible loss of data
C:\Users\ben11\Documents\CTP Submission\BuildingGenerationTool\DirectXTool\DirectXTool\LevelLoader.cpp(76,23): warning C4244: 'argument': conversion from 'long double' to 'float', possible loss of data
C:\Users\ben11\Documents\CTP Submission\BuildingGenerationTool\DirectXTool\DirectXTool\LevelLoader.cpp(83,68): warning C4244: 'argument': conversion from 'LONG' to 'float', possible loss of data
C:\Users\ben11\Documents\CTP Submission\BuildingGenerationTool\DirectXTool\DirectXTool\LevelLoader.cpp(89,68): warning C4244: 'argument': conversion from 'LONG' to 'float', possible loss of data
C:\Users\ben11\Documents\CTP Submission\BuildingGenerationTool\DirectXTool\DirectXTool\LevelLoader.cpp(99,6): warning C4244: 'argument': conversion from 'float' to 'int', possible loss of data
C:\Users\ben11\Documents\CTP Submission\BuildingGenerationTool\DirectXTool\DirectXTool\LevelLoader.cpp(104,18): warning C4244: 'argument': conversion from 'long double' to 'float', possible loss of data
C:\Users\ben11\Documents\CTP Submission\BuildingGenerationTool\DirectXTool\DirectXTool\LevelLoader.cpp(111,66): warning C4244: 'argument': conversion from 'LONG' to 'float', possible loss of data
C:\Users\ben11\Documents\CTP Submission\BuildingGenerationTool\DirectXTool\DirectXTool\LevelLoader.cpp(117,66): warning C4244: 'argument': conversion from 'LONG' to 'float', possible loss of data
C:\Users\ben11\Documents\CTP Submission\BuildingGenerationTool\DirectXTool\DirectXTool\LevelLoader.cpp(155,49): warning C4244: 'argument': conversion from 'float' to 'int', possible loss of data
C:\Users\ben11\Documents\CTP Submission\BuildingGenerationTool\DirectXTool\DirectXTool\LevelLoader.cpp(155,34): warning C4244: 'argument': conversion from 'float' to 'int', possible loss of data
C:\Users\ben11\Documents\CTP Submission\BuildingGenerationTool\DirectXTool\DirectXTool\LevelLoader.cpp(155,29): warning C4244: 'argument': conversion from 'float' to 'int', possible loss of data
C:\Users\ben11\Documents\CTP Submission\BuildingGenerationTool\DirectXTool\DirectXTool\LevelLoader.cpp(162,48): warning C4244: 'argument': conversion from 'float' to 'int', possible loss of data
C:\Users\ben11\Documents\CTP Submission\BuildingGenerationTool\DirectXTool\DirectXTool\LevelLoader.cpp(162,32): warning C4244: 'argument': conversion from 'float' to 'int', possible loss of data
C:\Users\ben11\Documents\CTP Submission\BuildingGenerationTool\DirectXTool\DirectXTool\LevelLoader.cpp(162,27): warning C4244: 'argument': conversion from 'float' to 'int', possible loss of data
C:\Users\ben11\Documents\CTP Submission\BuildingGenerationTool\DirectXTool\DirectXTool\LevelLoader.cpp(169,47): warning C4244: 'argument': conversion from 'float' to 'int', possible loss of data
C:\Users\ben11\Documents\CTP Submission\BuildingGenerationTool\DirectXTool\DirectXTool\LevelLoader.cpp(169,32): warning C4244: 'argument': conversion from 'float' to 'int', possible loss of data
C:\Users\ben11\Documents\CTP Submission\BuildingGenerationTool\DirectXTool\DirectXTool\LevelLoader.cpp(169,27): warning C4244: 'argument': conversion from 'float' to 'int', possible loss of data
C:\Users\ben11\Documents\CTP Submission\BuildingGenerationTool\DirectXTool\DirectXTool\LevelLoader.cpp(188,18): warning C4244: 'initializing': conversion from 'T' to 'int', possible loss of data
          with
          [
              T=int64_t
          ]
C:\Users\ben11\Documents\CTP Submission\BuildingGenerationTool\DirectXTool\DirectXTool\LevelLoader.cpp(189,12): warning C4244: 'initializing': conversion from 'T' to 'int', possible loss of data
          with
          [
              T=int64_t
          ]
C:\Users\ben11\Documents\CTP Submission\BuildingGenerationTool\DirectXTool\DirectXTool\LevelLoader.cpp(190,12): warning C4244: 'initializing': conversion from 'T' to 'int', possible loss of data
          with
          [
              T=int64_t
          ]
C:\Users\ben11\Documents\CTP Submission\BuildingGenerationTool\DirectXTool\DirectXTool\LevelLoader.cpp(318,14): warning C4244: 'initializing': conversion from 'T' to 'int', possible loss of data
          with
          [
              T=int64_t
          ]
C:\Users\ben11\Documents\CTP Submission\BuildingGenerationTool\DirectXTool\DirectXTool\LevelLoader.cpp(319,14): warning C4244: 'initializing': conversion from 'T' to 'int', possible loss of data
          with
          [
              T=int64_t
          ]
C:\Users\ben11\Documents\CTP Submission\BuildingGenerationTool\DirectXTool\DirectXTool\LevelLoader.cpp(320,12): warning C4244: 'initializing': conversion from 'T' to 'int', possible loss of data
          with
          [
              T=int64_t
          ]
C:\Users\ben11\Documents\CTP Submission\BuildingGenerationTool\DirectXTool\DirectXTool\LevelLoader.cpp(321,12): warning C4244: 'initializing': conversion from 'T' to 'int', possible loss of data
          with
          [
              T=int64_t
          ]
C:\Users\ben11\Documents\CTP Submission\BuildingGenerationTool\DirectXTool\DirectXTool\LevelLoader.cpp(322,20): warning C4244: 'initializing': conversion from 'T' to 'int', possible loss of data
          with
          [
              T=int64_t
          ]
C:\Users\ben11\Documents\CTP Submission\BuildingGenerationTool\DirectXTool\DirectXTool\LevelLoader.cpp(323,20): warning C4244: 'initializing': conversion from 'T' to 'int', possible loss of data
          with
          [
              T=int64_t
          ]
C:\Users\ben11\Documents\CTP Submission\BuildingGenerationTool\DirectXTool\DirectXTool\LevelLoader.cpp(324,13): warning C4244: 'initializing': conversion from 'T' to 'int', possible loss of data
          with
          [
              T=int64_t
          ]
C:\Users\ben11\Documents\CTP Submission\BuildingGenerationTool\DirectXTool\DirectXTool\LevelLoader.cpp(343,14): warning C4244: 'initializing': conversion from 'T' to 'int', possible loss of data
          with
          [
              T=int64_t
          ]
C:\Users\ben11\Documents\CTP Submission\BuildingGenerationTool\DirectXTool\DirectXTool\LevelLoader.cpp(344,14): warning C4244: 'initializing': conversion from 'T' to 'int', possible loss of data
          with
          [
              T=int64_t
          ]
C:\Users\ben11\Documents\CTP Submission\BuildingGenerationTool\DirectXTool\DirectXTool\LevelLoader.cpp(345,12): warning C4244: 'initializing': conversion from 'T' to 'int', possible loss of data
          with
          [
              T=int64_t
          ]
C:\Users\ben11\Documents\CTP Submission\BuildingGenerationTool\DirectXTool\DirectXTool\LevelLoader.cpp(346,12): warning C4244: 'initializing': conversion from 'T' to 'int', possible loss of data
          with
          [
              T=int64_t
          ]
C:\Users\ben11\Documents\CTP Submission\BuildingGenerationTool\DirectXTool\DirectXTool\LevelLoader.cpp(347,20): warning C4244: 'initializing': conversion from 'T' to 'int', possible loss of data
          with
          [
              T=int64_t
          ]
C:\Users\ben11\Documents\CTP Submission\BuildingGenerationTool\DirectXTool\DirectXTool\LevelLoader.cpp(348,20): warning C4244: 'initializing': conversion from 'T' to 'int', possible loss of data
          with
          [
              T=int64_t
          ]
C:\Users\ben11\Documents\CTP Submission\BuildingGenerationTool\DirectXTool\DirectXTool\LevelLoader.cpp(349,13): warning C4244: 'initializing': conversion from 'T' to 'int', possible loss of data
          with
          [
              T=int64_t
          ]
C:\Users\ben11\Documents\CTP Submission\BuildingGenerationTool\DirectXTool\DirectXTool\Wall.cpp(54,9): warning C4244: '=': conversion from 'int' to 'float', possible loss of data
C:\Users\ben11\Documents\CTP Submission\BuildingGenerationTool\DirectXTool\DirectXTool\Wall.cpp(55,9): warning C4244: '=': conversion from 'int' to 'float', possible loss of data
C:\Users\ben11\Documents\CTP Submission\BuildingGenerationTool\DirectXTool\DirectXTool\Wall.cpp(56,9): warning C4244: '=': conversion from 'int' to 'float', possible loss of data
C:\Users\ben11\Documents\CTP Submission\BuildingGenerationTool\DirectXTool\DirectXTool\Wall.cpp(73,29): warning C4244: '=': conversion from 'long double' to 'float', possible loss of data
C:\Users\ben11\Documents\CTP Submission\BuildingGenerationTool\DirectXTool\DirectXTool\Wall.cpp(111,20): warning C4018: '<': signed/unsigned mismatch
C:\Users\ben11\Documents\CTP Submission\BuildingGenerationTool\DirectXTool\DirectXTool\Wall.cpp(130,20): warning C4018: '<': signed/unsigned mismatch
C:\Users\ben11\Documents\CTP Submission\BuildingGenerationTool\DirectXTool\DirectXTool\Wall.cpp(216,23): warning C4244: 'argument': conversion from 'float' to 'int', possible loss of data
C:\Users\ben11\Documents\CTP Submission\BuildingGenerationTool\DirectXTool\DirectXTool\Wall.cpp(216,17): warning C4244: 'argument': conversion from 'float' to 'int', possible loss of data
C:\Users\ben11\Documents\CTP Submission\BuildingGenerationTool\DirectXTool\DirectXTool\Wall.cpp(216,11): warning C4244: 'argument': conversion from 'float' to 'int', possible loss of data
C:\Users\ben11\Documents\CTP Submission\BuildingGenerationTool\DirectXTool\DirectXTool\Wall.cpp(217,50): warning C4244: 'argument': conversion from 'long double' to 'float', possible loss of data
C:\Users\ben11\Documents\CTP Submission\BuildingGenerationTool\DirectXTool\DirectXTool\GenericOBJ.h(113,27): warning C4018: '<': signed/unsigned mismatch (compiling source file WindowObject.cpp)
C:\Users\ben11\Documents\CTP Submission\BuildingGenerationTool\DirectXTool\DirectXTool\WindowObject.h(66): message : see reference to function template instantiation 'IndexedTriangleList<WindowObject::Vertex> GenericOBJ::MakeOBJ<WindowObject::Vertex>(const char *,bool)' being compiled (compiling source file WindowObject.cpp)
C:\Users\ben11\Documents\CTP Submission\BuildingGenerationTool\DirectXTool\DirectXTool\GenericOBJ.h(127,27): warning C4018: '<': signed/unsigned mismatch (compiling source file WindowObject.cpp)
  VertexShader.cpp
C:\Users\ben11\Documents\CTP Submission\BuildingGenerationTool\DirectXTool\DirectXTool\GraphicsThrowMacros.h(13,1): warning C4005: 'INFOMAN': macro redefinition (compiling source file Surface.cpp)
C:\Users\ben11\Documents\CTP Submission\BuildingGenerationTool\DirectXTool\DirectXTool\GraphicsThrowMacros.h(12): message : see previous definition of 'INFOMAN' (compiling source file Surface.cpp)
  WallMetaData.cpp
  Window.cpp
  WinMain.cpp
C:\Users\ben11\Documents\CTP Submission\BuildingGenerationTool\DirectXTool\DirectXTool\GraphicsThrowMacros.h(13,1): warning C4005: 'INFOMAN': macro redefinition (compiling source file Texture.cpp)
C:\Users\ben11\Documents\CTP Submission\BuildingGenerationTool\DirectXTool\DirectXTool\GraphicsThrowMacros.h(12): message : see previous definition of 'INFOMAN' (compiling source file Texture.cpp)
C:\Users\ben11\Documents\CTP Submission\BuildingGenerationTool\DirectXTool\DirectXTool\GraphicsThrowMacros.h(13,1): warning C4005: 'INFOMAN': macro redefinition (compiling source file TransformCbuf.cpp)
C:\Users\ben11\Documents\CTP Submission\BuildingGenerationTool\DirectXTool\DirectXTool\GraphicsThrowMacros.h(12): message : see previous definition of 'INFOMAN' (compiling source file TransformCbuf.cpp)
C:\Users\ben11\Documents\CTP Submission\BuildingGenerationTool\DirectXTool\DirectXTool\GraphicsThrowMacros.h(13,1): warning C4005: 'INFOMAN': macro redefinition (compiling source file VertexBuffer.cpp)
C:\Users\ben11\Documents\CTP Submission\BuildingGenerationTool\DirectXTool\DirectXTool\GraphicsThrowMacros.h(12): message : see previous definition of 'INFOMAN' (compiling source file VertexBuffer.cpp)
C:\Users\ben11\Documents\CTP Submission\BuildingGenerationTool\DirectXTool\DirectXTool\GraphicsThrowMacros.h(13,1): warning C4005: 'INFOMAN': macro redefinition (compiling source file VertexShader.cpp)
C:\Users\ben11\Documents\CTP Submission\BuildingGenerationTool\DirectXTool\DirectXTool\GraphicsThrowMacros.h(12): message : see previous definition of 'INFOMAN' (compiling source file VertexShader.cpp)
C:\Users\ben11\Documents\CTP Submission\BuildingGenerationTool\DirectXTool\DirectXTool\App.h(29,25): warning C4244: 'initializing': conversion from 'float' to 'int', possible loss of data (compiling source file WinMain.cpp)
  DirectXTool.vcxproj -> C:\Users\ben11\Documents\CTP Submission\BuildingGenerationTool\DirectXTool\Debug\DirectXTool.exe
